[bc12u27n2:67996] mca_base_component_repository_open: unable to open mca_pmix_s1: libslurm.so.29: cannot open shared object file: No such file or directory (ignored)
[bc12u27n4:76540] mca_base_component_repository_open: unable to open mca_pmix_s1: libslurm.so.29: cannot open shared object file: No such file or directory (ignored)
[bc12u29n3:56855] mca_base_component_repository_open: unable to open mca_pmix_s1: libslurm.so.29: cannot open shared object file: No such file or directory (ignored)
[bc12u27n3:08136] mca_base_component_repository_open: unable to open mca_pmix_s1: libslurm.so.29: cannot open shared object file: No such file or directory (ignored)
[bc12u29n4:33404] mca_base_component_repository_open: unable to open mca_pmix_s1: libslurm.so.29: cannot open shared object file: No such file or directory (ignored)
[bc12u31n1:58399] mca_base_component_repository_open: unable to open mca_pmix_s1: libslurm.so.29: cannot open shared object file: No such file or directory (ignored)

=================
== WikiDump
=================

30000000 Vectors, 10000 Queries
Nodes: 6
Tables: 16
RangePow: 18
Reservoir Size: 256
Hashes: 4
CMS Bucket Size: 2048
CMS Hashes: 4

LSH Initialized in Node 0
LSH Initialized in Node 2
LSH Initialized in Node 3
LSH Initialized in Node 1
LSH Initialized in Node 4
LSH Initialized in Node 5
CMS Initialized in Node 2
CMS Initialized in Node 3
CMS Initialized in Node 1
CMS Initialized in Node 5
CMS Initialized in Node 0
CMS Initialized in Node 4
LSH Reservoir Initialized in Node 2
LSH Reservoir Initialized in Node 1
LSH Reservoir Initialized in Node 0
LSH Reservoir Initialized in Node 5
LSH Reservoir Initialized in Node 3
FLASH Controller Initialized in Node 0

Reading Data Node 0...
[readSparse]
LSH Reservoir Initialized in Node 4
FLASH Controller Initialized in Node 4

Reading Data Node 4...
FLASH Controller Initialized in Node 3

Reading Data Node 3...
FLASH Controller Initialized in Node 1

Reading Data Node 1...
FLASH Controller Initialized in Node 5

Reading Data Node 5...
FLASH Controller Initialized in Node 2

Reading Data Node 2...
[readSparse]
[readSparse]
[readSparse]
[readSparse]
[readSparse]
terminate called after throwing an instance of 'std::out_of_range'
  what():  stoi
[bc12u27n2:67996] *** Process received signal ***
[bc12u27n2:67996] Signal: Aborted (6)
[bc12u27n2:67996] Signal code:  (-6)
[bc12u27n2:67996] [ 0] /lib64/libpthread.so.0(+0xf5d0)[0x7f97a34595d0]
[bc12u27n2:67996] [ 1] /lib64/libc.so.6(gsignal+0x37)[0x7f97a30b3207]
[bc12u27n2:67996] [ 2] /lib64/libc.so.6(abort+0x148)[0x7f97a30b48f8]
[bc12u27n2:67996] [ 3] /opt/apps/software/Core/GCCcore/6.4.0/lib64/libstdc++.so.6(_ZN9__gnu_cxx27__verbose_terminate_handlerEv+0x15d)[0x7f97a3a024dd]
[bc12u27n2:67996] [ 4] /opt/apps/software/Core/GCCcore/6.4.0/lib64/libstdc++.so.6(+0x984a6)[0x7f97a3a004a6]
[bc12u27n2:67996] [ 5] /opt/apps/software/Core/GCCcore/6.4.0/lib64/libstdc++.so.6(+0x984f1)[0x7f97a3a004f1]
[bc12u27n2:67996] [ 6] /opt/apps/software/Core/GCCcore/6.4.0/lib64/libstdc++.so.6(+0x98709)[0x7f97a3a00709]
[bc12u27n2:67996] [ 7] /opt/apps/software/Core/GCCcore/6.4.0/lib64/libstdc++.so.6(_ZSt20__throw_out_of_rangePKc+0x3f)[0x7f97a3a28ecf]
[bc12u27n2:67996] [ 8] /scratch/ncm5/D-FLASH/src/./runme[0x40bb72]
[bc12u27n2:67996] [ 9] /scratch/ncm5/D-FLASH/src/./runme[0x40ab03]
[bc12u27n2:67996] [10] /scratch/ncm5/D-FLASH/src/./runme[0x40e20f]
[bc12u27n2:67996] [11] /scratch/ncm5/D-FLASH/src/./runme[0x408e38]
[bc12u27n2:67996] [12] /scratch/ncm5/D-FLASH/src/./runme[0x402e19]
[bc12u27n2:67996] [13] /lib64/libc.so.6(__libc_start_main+0xf5)[0x7f97a309f3d5]
[bc12u27n2:67996] [14] /scratch/ncm5/D-FLASH/src/./runme[0x403027]
[bc12u27n2:67996] *** End of error message ***
srun: error: bc12u27n2: task 0: Aborted
terminate called after throwing an instance of 'std::out_of_range'
  what():  stoi
[bc12u27n3:08136] *** Process received signal ***
[bc12u27n3:08136] Signal: Aborted (6)
[bc12u27n3:08136] Signal code:  (-6)
[bc12u27n3:08136] [ 0] /lib64/libpthread.so.0(+0xf5d0)[0x7fb7835015d0]
[bc12u27n3:08136] [ 1] /lib64/libc.so.6(gsignal+0x37)[0x7fb78315b207]
[bc12u27n3:08136] [ 2] /lib64/libc.so.6(abort+0x148)[0x7fb78315c8f8]
[bc12u27n3:08136] [ 3] /opt/apps/software/Core/GCCcore/6.4.0/lib64/libstdc++.so.6(_ZN9__gnu_cxx27__verbose_terminate_handlerEv+0x15d)[0x7fb783aaa4dd]
[bc12u27n3:08136] [ 4] /opt/apps/software/Core/GCCcore/6.4.0/lib64/libstdc++.so.6(+0x984a6)[0x7fb783aa84a6]
[bc12u27n3:08136] [ 5] /opt/apps/software/Core/GCCcore/6.4.0/lib64/libstdc++.so.6(+0x984f1)[0x7fb783aa84f1]
[bc12u27n3:08136] [ 6] /opt/apps/software/Core/GCCcore/6.4.0/lib64/libstdc++.so.6(+0x98709)[0x7fb783aa8709]
[bc12u27n3:08136] [ 7] /opt/apps/software/Core/GCCcore/6.4.0/lib64/libstdc++.so.6(_ZSt20__throw_out_of_rangePKc+0x3f)[0x7fb783ad0ecf]
[bc12u27n3:08136] [ 8] /scratch/ncm5/D-FLASH/src/./runme[0x40bb72]
[bc12u27n3:08136] [ 9] /scratch/ncm5/D-FLASH/src/./runme[0x40ab03]
[bc12u27n3:08136] [10] /scratch/ncm5/D-FLASH/src/./runme[0x40e20f]
[bc12u27n3:08136] [11] /scratch/ncm5/D-FLASH/src/./runme[0x408e38]
[bc12u27n3:08136] [12] /scratch/ncm5/D-FLASH/src/./runme[0x402e19]
[bc12u27n3:08136] [13] /lib64/libc.so.6(__libc_start_main+0xf5)[0x7fb7831473d5]
[bc12u27n3:08136] [14] /scratch/ncm5/D-FLASH/src/./runme[0x403027]
[bc12u27n3:08136] *** End of error message ***
srun: error: bc12u27n3: task 1: Aborted
terminate called after throwing an instance of 'std::out_of_range'
  what():  stoi
[bc12u27n4:76540] *** Process received signal ***
[bc12u27n4:76540] Signal: Aborted (6)
[bc12u27n4:76540] Signal code:  (-6)
[bc12u27n4:76540] [ 0] /lib64/libpthread.so.0(+0xf5d0)[0x7f13b0a615d0]
[bc12u27n4:76540] [ 1] /lib64/libc.so.6(gsignal+0x37)[0x7f13b06bb207]
[bc12u27n4:76540] [ 2] /lib64/libc.so.6(abort+0x148)[0x7f13b06bc8f8]
[bc12u27n4:76540] [ 3] /opt/apps/software/Core/GCCcore/6.4.0/lib64/libstdc++.so.6(_ZN9__gnu_cxx27__verbose_terminate_handlerEv+0x15d)[0x7f13b100a4dd]
[bc12u27n4:76540] [ 4] /opt/apps/software/Core/GCCcore/6.4.0/lib64/libstdc++.so.6(+0x984a6)[0x7f13b10084a6]
[bc12u27n4:76540] [ 5] /opt/apps/software/Core/GCCcore/6.4.0/lib64/libstdc++.so.6(+0x984f1)[0x7f13b10084f1]
[bc12u27n4:76540] [ 6] /opt/apps/software/Core/GCCcore/6.4.0/lib64/libstdc++.so.6(+0x98709)[0x7f13b1008709]
[bc12u27n4:76540] [ 7] /opt/apps/software/Core/GCCcore/6.4.0/lib64/libstdc++.so.6(_ZSt20__throw_out_of_rangePKc+0x3f)[0x7f13b1030ecf]
[bc12u27n4:76540] [ 8] /scratch/ncm5/D-FLASH/src/./runme[0x40bb72]
[bc12u27n4:76540] [ 9] /scratch/ncm5/D-FLASH/src/./runme[0x40ab03]
[bc12u27n4:76540] [10] /scratch/ncm5/D-FLASH/src/./runme[0x40e20f]
[bc12u27n4:76540] [11] /scratch/ncm5/D-FLASH/src/./runme[0x408e38]
[bc12u27n4:76540] [12] /scratch/ncm5/D-FLASH/src/./runme[0x402e19]
[bc12u27n4:76540] [13] /lib64/libc.so.6(__libc_start_main+0xf5)[0x7f13b06a73d5]
[bc12u27n4:76540] [14] /scratch/ncm5/D-FLASH/src/./runme[0x403027]
[bc12u27n4:76540] *** End of error message ***
srun: error: bc12u27n4: task 2: Aborted
terminate called after throwing an instance of 'std::out_of_range'
  what():  stoi
[bc12u29n3:56855] *** Process received signal ***
[bc12u29n3:56855] Signal: Aborted (6)
[bc12u29n3:56855] Signal code:  (-6)
[bc12u29n3:56855] [ 0] /lib64/libpthread.so.0(+0xf5d0)[0x7f39d65775d0]
[bc12u29n3:56855] [ 1] /lib64/libc.so.6(gsignal+0x37)[0x7f39d61d1207]
[bc12u29n3:56855] [ 2] /lib64/libc.so.6(abort+0x148)[0x7f39d61d28f8]
[bc12u29n3:56855] [ 3] /opt/apps/software/Core/GCCcore/6.4.0/lib64/libstdc++.so.6(_ZN9__gnu_cxx27__verbose_terminate_handlerEv+0x15d)[0x7f39d6b204dd]
[bc12u29n3:56855] [ 4] /opt/apps/software/Core/GCCcore/6.4.0/lib64/libstdc++.so.6(+0x984a6)[0x7f39d6b1e4a6]
[bc12u29n3:56855] [ 5] /opt/apps/software/Core/GCCcore/6.4.0/lib64/libstdc++.so.6(+0x984f1)[0x7f39d6b1e4f1]
[bc12u29n3:56855] [ 6] /opt/apps/software/Core/GCCcore/6.4.0/lib64/libstdc++.so.6(+0x98709)[0x7f39d6b1e709]
[bc12u29n3:56855] [ 7] /opt/apps/software/Core/GCCcore/6.4.0/lib64/libstdc++.so.6(_ZSt20__throw_out_of_rangePKc+0x3f)[0x7f39d6b46ecf]
[bc12u29n3:56855] [ 8] /scratch/ncm5/D-FLASH/src/./runme[0x40bb72]
[bc12u29n3:56855] [ 9] /scratch/ncm5/D-FLASH/src/./runme[0x40ab03]
[bc12u29n3:56855] [10] /scratch/ncm5/D-FLASH/src/./runme[0x40e20f]
[bc12u29n3:56855] [11] /scratch/ncm5/D-FLASH/src/./runme[0x408e38]
[bc12u29n3:56855] [12] /scratch/ncm5/D-FLASH/src/./runme[0x402e19]
[bc12u29n3:56855] [13] /lib64/libc.so.6(__libc_start_main+0xf5)[0x7f39d61bd3d5]
[bc12u29n3:56855] [14] /scratch/ncm5/D-FLASH/src/./runme[0x403027]
[bc12u29n3:56855] *** End of error message ***
srun: error: bc12u29n3: task 3: Aborted
terminate called after throwing an instance of 'std::out_of_range'
  what():  stoi
[bc12u29n4:33404] *** Process received signal ***
[bc12u29n4:33404] Signal: Aborted (6)
[bc12u29n4:33404] Signal code:  (-6)
[bc12u29n4:33404] [ 0] /lib64/libpthread.so.0(+0xf5d0)[0x7ff484a325d0]
[bc12u29n4:33404] [ 1] /lib64/libc.so.6(gsignal+0x37)[0x7ff48468c207]
[bc12u29n4:33404] [ 2] /lib64/libc.so.6(abort+0x148)[0x7ff48468d8f8]
[bc12u29n4:33404] [ 3] /opt/apps/software/Core/GCCcore/6.4.0/lib64/libstdc++.so.6(_ZN9__gnu_cxx27__verbose_terminate_handlerEv+0x15d)[0x7ff484fdb4dd]
[bc12u29n4:33404] [ 4] /opt/apps/software/Core/GCCcore/6.4.0/lib64/libstdc++.so.6(+0x984a6)[0x7ff484fd94a6]
[bc12u29n4:33404] [ 5] /opt/apps/software/Core/GCCcore/6.4.0/lib64/libstdc++.so.6(+0x984f1)[0x7ff484fd94f1]
[bc12u29n4:33404] [ 6] /opt/apps/software/Core/GCCcore/6.4.0/lib64/libstdc++.so.6(+0x98709)[0x7ff484fd9709]
[bc12u29n4:33404] [ 7] /opt/apps/software/Core/GCCcore/6.4.0/lib64/libstdc++.so.6(_ZSt20__throw_out_of_rangePKc+0x3f)[0x7ff485001ecf]
[bc12u29n4:33404] [ 8] /scratch/ncm5/D-FLASH/src/./runme[0x40bb72]
[bc12u29n4:33404] [ 9] /scratch/ncm5/D-FLASH/src/./runme[0x40ab03]
[bc12u29n4:33404] [10] /scratch/ncm5/D-FLASH/src/./runme[0x40e20f]
[bc12u29n4:33404] [11] /scratch/ncm5/D-FLASH/src/./runme[0x408e38]
[bc12u29n4:33404] [12] /scratch/ncm5/D-FLASH/src/./runme[0x402e19]
[bc12u29n4:33404] [13] /lib64/libc.so.6(__libc_start_main+0xf5)[0x7ff4846783d5]
[bc12u29n4:33404] [14] /scratch/ncm5/D-FLASH/src/./runme[0x403027]
[bc12u29n4:33404] *** End of error message ***
srun: error: bc12u29n4: task 4: Aborted
terminate called after throwing an instance of 'std::out_of_range'
  what():  stoi
[bc12u31n1:58399] *** Process received signal ***
[bc12u31n1:58399] Signal: Aborted (6)
[bc12u31n1:58399] Signal code:  (-6)
[bc12u31n1:58399] [ 0] /lib64/libpthread.so.0(+0xf5d0)[0x7f3b186aa5d0]
[bc12u31n1:58399] [ 1] /lib64/libc.so.6(gsignal+0x37)[0x7f3b18304207]
[bc12u31n1:58399] [ 2] /lib64/libc.so.6(abort+0x148)[0x7f3b183058f8]
[bc12u31n1:58399] [ 3] /opt/apps/software/Core/GCCcore/6.4.0/lib64/libstdc++.so.6(_ZN9__gnu_cxx27__verbose_terminate_handlerEv+0x15d)[0x7f3b18c534dd]
[bc12u31n1:58399] [ 4] /opt/apps/software/Core/GCCcore/6.4.0/lib64/libstdc++.so.6(+0x984a6)[0x7f3b18c514a6]
[bc12u31n1:58399] [ 5] /opt/apps/software/Core/GCCcore/6.4.0/lib64/libstdc++.so.6(+0x984f1)[0x7f3b18c514f1]
[bc12u31n1:58399] [ 6] /opt/apps/software/Core/GCCcore/6.4.0/lib64/libstdc++.so.6(+0x98709)[0x7f3b18c51709]
[bc12u31n1:58399] [ 7] /opt/apps/software/Core/GCCcore/6.4.0/lib64/libstdc++.so.6(_ZSt20__throw_out_of_rangePKc+0x3f)[0x7f3b18c79ecf]
[bc12u31n1:58399] [ 8] /scratch/ncm5/D-FLASH/src/./runme[0x40bb72]
[bc12u31n1:58399] [ 9] /scratch/ncm5/D-FLASH/src/./runme[0x40ab03]
[bc12u31n1:58399] [10] /scratch/ncm5/D-FLASH/src/./runme[0x40e20f]
[bc12u31n1:58399] [11] /scratch/ncm5/D-FLASH/src/./runme[0x408e38]
[bc12u31n1:58399] [12] /scratch/ncm5/D-FLASH/src/./runme[0x402e19]
[bc12u31n1:58399] [13] /lib64/libc.so.6(__libc_start_main+0xf5)[0x7f3b182f03d5]
[bc12u31n1:58399] [14] /scratch/ncm5/D-FLASH/src/./runme[0x403027]
[bc12u31n1:58399] *** End of error message ***
srun: error: bc12u31n1: task 5: Aborted
