[bc12u11n2:08687] mca_base_component_repository_open: unable to open mca_pmix_s1: libslurm.so.29: cannot open shared object file: No such file or directory (ignored)
[bc12u13n1:31395] mca_base_component_repository_open: unable to open mca_pmix_s1: libslurm.so.29: cannot open shared object file: No such file or directory (ignored)
[bc12u33n4:08385] mca_base_component_repository_open: unable to open mca_pmix_s1: libslurm.so.29: cannot open shared object file: No such file or directory (ignored)
[bc12u13n4:09153] mca_base_component_repository_open: unable to open mca_pmix_s1: libslurm.so.29: cannot open shared object file: No such file or directory (ignored)
[bc12u33n3:30121] mca_base_component_repository_open: unable to open mca_pmix_s1: libslurm.so.29: cannot open shared object file: No such file or directory (ignored)
[bc12u29n4:19992] mca_base_component_repository_open: unable to open mca_pmix_s1: libslurm.so.29: cannot open shared object file: No such file or directory (ignored)
[bc12u33n1:57094] mca_base_component_repository_open: unable to open mca_pmix_s1: libslurm.so.29: cannot open shared object file: No such file or directory (ignored)
[bc12u13n2:42821] mca_base_component_repository_open: unable to open mca_pmix_s1: libslurm.so.29: cannot open shared object file: No such file or directory (ignored)
[bc12u27n3:40063] mca_base_component_repository_open: unable to open mca_pmix_s1: libslurm.so.29: cannot open shared object file: No such file or directory (ignored)
[bc12u25n3:30255] mca_base_component_repository_open: unable to open mca_pmix_s1: libslurm.so.29: cannot open shared object file: No such file or directory (ignored)

=================
== Criteo
=================

-294967296 Vectors, 10000 Queries
Nodes: 10
Tables: 18
RangePow: 20
Reservoir Size: 256
Hashes: 4
CMS Bucket Size: 2048
CMS Hashes: 4

LSH Initialized in Node 0
LSH Initialized in Node 4
LSH Initialized in Node 5
LSH Initialized in Node 1
LSH Initialized in Node 7
LSH Initialized in Node 9
LSH Initialized in Node 3
LSH Initialized in Node 8
LSH Initialized in Node 2
LSH Initialized in Node 6
CMS Initialized in Node 0
CMS Initialized in Node 6
CMS Initialized in Node 3
CMS Initialized in Node 5
CMS Initialized in Node 8
CMS Initialized in Node 4
CMS Initialized in Node 7
CMS Initialized in Node 2
CMS Initialized in Node 1
CMS Initialized in Node 9
LSH Reservoir Initialized in Node 6
LSH Reservoir Initialized in Node 4
LSH Reservoir Initialized in Node 1
LSH Reservoir Initialized in Node 7
LSH Reservoir Initialized in Node 3
LSH Reservoir Initialized in Node 0
LSH Reservoir Initialized in Node 8
LSH Reservoir Initialized in Node 9
LSH Reservoir Initialized in Node 2
FLASH Controller Initialized in Node 3
LSH Reservoir Initialized in Node 5
FLASH Controller Initialized in Node 6
FLASH Controller Initialized in Node 0
FLASH Controller Initialized in Node 2
FLASH Controller Initialized in Node 5
FLASH Controller Initialized in Node 4
FLASH Controller Initialized in Node 9
FLASH Controller Initialized in Node 1
FLASH Controller Initialized in Node 8
FLASH Controller Initialized in Node 7
Adding Vectors Node 0...
Adding Vectors Node 1...
Adding Vectors Node 3...
Adding Vectors Node 6...
Adding Vectors Node 2...
Adding Vectors Node 9...
Adding Vectors Node 8...
Adding Vectors Node 4...
Adding Vectors Node 5...
Adding Vectors Node 7...
srun: Job step aborted: Waiting up to 32 seconds for job step to finish.
slurmstepd: error: *** JOB 373103 ON bc12u11n2 CANCELLED AT 2020-02-25T08:40:16 DUE TO TIME LIMIT ***
srun: error: Timed out waiting for job step to complete
slurmstepd: error: *** JOB 373103 ON bc12u11n2 CANCELLED AT 2020-02-25T08:41:16 ***
slurmstepd: error: *** STEP 373103.0 ON bc12u11n2 CANCELLED AT 2020-02-25T08:46:36 DUE TO TIME LIMIT ***
srun: error: Munge decode failed: Expired credential
srun: ENCODED: Tue Feb 25 08:40:23 2020
srun: DECODED: Tue Feb 25 08:46:36 2020
srun: error: slurm_unpack_received_msg: MESSAGE_TASK_EXIT has authentication error: Invalid authentication credential
srun: error: slurm_unpack_received_msg: Protocol authentication error
